<?xml version="1.0" encoding="UTF-8"?>
<testsuites name="Mocha Tests" time="0.0870" tests="2" failures="0">
  <testsuite name="Root Suite" timestamp="2020-02-22T19:06:08" tests="0" time="0.0000" failures="0">
  </testsuite>
  <testsuite name="default config" timestamp="2020-02-22T19:06:08" tests="2" file="C:\svn\git\httpmock\test\server.js" time="0.0870" failures="0">
    <testcase name="default config should return 200" time="0.0820" classname="should return 200">
    </testcase>
    <testcase name="default config should say &quot;No rule was matched&quot;" time="0.0050" classname="should say &quot;No rule was matched&quot;">
    </testcase>
  </testsuite>
</testsuites>